0 info it worked if it ends with ok
1 verbose cli [ '/usr/local/bin/node', '/usr/local/bin/npm', 'install' ]
2 info using npm@2.14.7
3 info using node@v4.2.2
4 verbose readDependencies loading dependencies from /private/var/www/poimoe/admin/master/package.json
5 warn package.json Angle@0.0.0 No repository field.
6 warn package.json Angle@0.0.0 No README data
7 warn package.json Angle@0.0.0 No license field.
8 verbose install where, deps [ '/private/var/www/poimoe/admin/master',
8 verbose install   [ 'css-flip',
8 verbose install     'del',
8 verbose install     'gulp',
8 verbose install     'gulp-angular-htmlify',
8 verbose install     'gulp-angular-templatecache',
8 verbose install     'gulp-changed',
8 verbose install     'gulp-compass',
8 verbose install     'gulp-concat',
8 verbose install     'gulp-css-flip',
8 verbose install     'gulp-expect-file',
8 verbose install     'gulp-filter',
8 verbose install     'gulp-html-prettify',
8 verbose install     'gulp-if',
8 verbose install     'gulp-ignore',
8 verbose install     'gulp-inject',
8 verbose install     'gulp-jade',
8 verbose install     'gulp-jshint',
8 verbose install     'gulp-jsvalidate',
8 verbose install     'gulp-less',
8 verbose install     'gulp-livereload',
8 verbose install     'gulp-load-plugins',
8 verbose install     'gulp-minify-css',
8 verbose install     'gulp-ng-annotate',
8 verbose install     'gulp-rename',
8 verbose install     'gulp-sass',
8 verbose install     'gulp-sourcemaps',
8 verbose install     'gulp-sync',
8 verbose install     'gulp-uglify',
8 verbose install     'gulp-util',
8 verbose install     'jshint-stylish',
8 verbose install     'marked',
8 verbose install     'through2',
8 verbose install     'yargs' ] ]
9 verbose install where, peers [ '/private/var/www/poimoe/admin/master', [] ]
10 verbose installManyTop reading for lifecycle /private/var/www/poimoe/admin/master/package.json
11 info preinstall Angle@0.0.0
12 verbose readDependencies loading dependencies from /private/var/www/poimoe/admin/master/package.json
13 silly cache add args [ 'del@^1.2.0', null ]
14 verbose cache add spec del@^1.2.0
15 silly cache add parsed spec Result {
15 silly cache add   raw: 'del@^1.2.0',
15 silly cache add   scope: null,
15 silly cache add   name: 'del',
15 silly cache add   rawSpec: '^1.2.0',
15 silly cache add   spec: '>=1.2.0 <2.0.0',
15 silly cache add   type: 'range' }
16 silly addNamed del@>=1.2.0 <2.0.0
17 verbose addNamed ">=1.2.0 <2.0.0" is a valid semver range for del
18 silly addNameRange { name: 'del', range: '>=1.2.0 <2.0.0', hasData: false }
19 silly mapToRegistry name del
20 silly mapToRegistry using default registry
21 silly mapToRegistry registry https://registry.npmjs.org/
22 silly mapToRegistry uri https://registry.npmjs.org/del
23 verbose addNameRange registry:https://registry.npmjs.org/del not in flight; fetching
24 silly cache add args [ 'gulp@^3.8.10', null ]
25 verbose cache add spec gulp@^3.8.10
26 silly cache add parsed spec Result {
26 silly cache add   raw: 'gulp@^3.8.10',
26 silly cache add   scope: null,
26 silly cache add   name: 'gulp',
26 silly cache add   rawSpec: '^3.8.10',
26 silly cache add   spec: '>=3.8.10 <4.0.0',
26 silly cache add   type: 'range' }
27 silly addNamed gulp@>=3.8.10 <4.0.0
28 verbose addNamed ">=3.8.10 <4.0.0" is a valid semver range for gulp
29 silly addNameRange { name: 'gulp', range: '>=3.8.10 <4.0.0', hasData: false }
30 silly mapToRegistry name gulp
31 silly mapToRegistry using default registry
32 silly mapToRegistry registry https://registry.npmjs.org/
33 silly mapToRegistry uri https://registry.npmjs.org/gulp
34 verbose addNameRange registry:https://registry.npmjs.org/gulp not in flight; fetching
35 silly cache add args [ 'gulp-angular-htmlify@^0.4.0', null ]
36 verbose cache add spec gulp-angular-htmlify@^0.4.0
37 silly cache add parsed spec Result {
37 silly cache add   raw: 'gulp-angular-htmlify@^0.4.0',
37 silly cache add   scope: null,
37 silly cache add   name: 'gulp-angular-htmlify',
37 silly cache add   rawSpec: '^0.4.0',
37 silly cache add   spec: '>=0.4.0 <0.5.0',
37 silly cache add   type: 'range' }
38 silly addNamed gulp-angular-htmlify@>=0.4.0 <0.5.0
39 verbose addNamed ">=0.4.0 <0.5.0" is a valid semver range for gulp-angular-htmlify
40 silly addNameRange { name: 'gulp-angular-htmlify',
40 silly addNameRange   range: '>=0.4.0 <0.5.0',
40 silly addNameRange   hasData: false }
41 silly mapToRegistry name gulp-angular-htmlify
42 silly mapToRegistry using default registry
43 silly mapToRegistry registry https://registry.npmjs.org/
44 silly mapToRegistry uri https://registry.npmjs.org/gulp-angular-htmlify
45 verbose addNameRange registry:https://registry.npmjs.org/gulp-angular-htmlify not in flight; fetching
46 silly cache add args [ 'gulp-angular-templatecache@^1.7.0', null ]
47 verbose cache add spec gulp-angular-templatecache@^1.7.0
48 silly cache add parsed spec Result {
48 silly cache add   raw: 'gulp-angular-templatecache@^1.7.0',
48 silly cache add   scope: null,
48 silly cache add   name: 'gulp-angular-templatecache',
48 silly cache add   rawSpec: '^1.7.0',
48 silly cache add   spec: '>=1.7.0 <2.0.0',
48 silly cache add   type: 'range' }
49 silly addNamed gulp-angular-templatecache@>=1.7.0 <2.0.0
50 verbose addNamed ">=1.7.0 <2.0.0" is a valid semver range for gulp-angular-templatecache
51 silly addNameRange { name: 'gulp-angular-templatecache',
51 silly addNameRange   range: '>=1.7.0 <2.0.0',
51 silly addNameRange   hasData: false }
52 silly mapToRegistry name gulp-angular-templatecache
53 silly mapToRegistry using default registry
54 silly mapToRegistry registry https://registry.npmjs.org/
55 silly mapToRegistry uri https://registry.npmjs.org/gulp-angular-templatecache
56 verbose addNameRange registry:https://registry.npmjs.org/gulp-angular-templatecache not in flight; fetching
57 silly cache add args [ 'gulp-changed@^1.1.0', null ]
58 verbose cache add spec gulp-changed@^1.1.0
59 silly cache add parsed spec Result {
59 silly cache add   raw: 'gulp-changed@^1.1.0',
59 silly cache add   scope: null,
59 silly cache add   name: 'gulp-changed',
59 silly cache add   rawSpec: '^1.1.0',
59 silly cache add   spec: '>=1.1.0 <2.0.0',
59 silly cache add   type: 'range' }
60 silly addNamed gulp-changed@>=1.1.0 <2.0.0
61 verbose addNamed ">=1.1.0 <2.0.0" is a valid semver range for gulp-changed
62 silly addNameRange { name: 'gulp-changed', range: '>=1.1.0 <2.0.0', hasData: false }
63 silly mapToRegistry name gulp-changed
64 silly mapToRegistry using default registry
65 silly mapToRegistry registry https://registry.npmjs.org/
66 silly mapToRegistry uri https://registry.npmjs.org/gulp-changed
67 verbose addNameRange registry:https://registry.npmjs.org/gulp-changed not in flight; fetching
68 silly cache add args [ 'gulp-compass@2.0.4', null ]
69 verbose cache add spec gulp-compass@2.0.4
70 silly cache add parsed spec Result {
70 silly cache add   raw: 'gulp-compass@2.0.4',
70 silly cache add   scope: null,
70 silly cache add   name: 'gulp-compass',
70 silly cache add   rawSpec: '2.0.4',
70 silly cache add   spec: '2.0.4',
70 silly cache add   type: 'version' }
71 silly addNamed gulp-compass@2.0.4
72 verbose addNamed "2.0.4" is a plain semver version for gulp-compass
73 silly mapToRegistry name gulp-compass
74 silly mapToRegistry using default registry
75 silly mapToRegistry registry https://registry.npmjs.org/
76 silly mapToRegistry uri https://registry.npmjs.org/gulp-compass
77 verbose addNameVersion registry:https://registry.npmjs.org/gulp-compass not in flight; fetching
78 silly cache add args [ 'gulp-concat@^2.4.1', null ]
79 verbose cache add spec gulp-concat@^2.4.1
80 silly cache add parsed spec Result {
80 silly cache add   raw: 'gulp-concat@^2.4.1',
80 silly cache add   scope: null,
80 silly cache add   name: 'gulp-concat',
80 silly cache add   rawSpec: '^2.4.1',
80 silly cache add   spec: '>=2.4.1 <3.0.0',
80 silly cache add   type: 'range' }
81 silly addNamed gulp-concat@>=2.4.1 <3.0.0
82 verbose addNamed ">=2.4.1 <3.0.0" is a valid semver range for gulp-concat
83 silly addNameRange { name: 'gulp-concat', range: '>=2.4.1 <3.0.0', hasData: false }
84 silly mapToRegistry name gulp-concat
85 silly mapToRegistry using default registry
86 silly mapToRegistry registry https://registry.npmjs.org/
87 silly mapToRegistry uri https://registry.npmjs.org/gulp-concat
88 verbose addNameRange registry:https://registry.npmjs.org/gulp-concat not in flight; fetching
89 silly cache add args [ 'gulp-css-flip@^0.4.0', null ]
90 verbose cache add spec gulp-css-flip@^0.4.0
91 silly cache add parsed spec Result {
91 silly cache add   raw: 'gulp-css-flip@^0.4.0',
91 silly cache add   scope: null,
91 silly cache add   name: 'gulp-css-flip',
91 silly cache add   rawSpec: '^0.4.0',
91 silly cache add   spec: '>=0.4.0 <0.5.0',
91 silly cache add   type: 'range' }
92 silly addNamed gulp-css-flip@>=0.4.0 <0.5.0
93 verbose addNamed ">=0.4.0 <0.5.0" is a valid semver range for gulp-css-flip
94 silly addNameRange { name: 'gulp-css-flip',
94 silly addNameRange   range: '>=0.4.0 <0.5.0',
94 silly addNameRange   hasData: false }
95 silly mapToRegistry name gulp-css-flip
96 silly mapToRegistry using default registry
97 silly mapToRegistry registry https://registry.npmjs.org/
98 silly mapToRegistry uri https://registry.npmjs.org/gulp-css-flip
99 verbose addNameRange registry:https://registry.npmjs.org/gulp-css-flip not in flight; fetching
100 silly cache add args [ 'gulp-expect-file@0.0.7', null ]
101 verbose cache add spec gulp-expect-file@0.0.7
102 silly cache add parsed spec Result {
102 silly cache add   raw: 'gulp-expect-file@0.0.7',
102 silly cache add   scope: null,
102 silly cache add   name: 'gulp-expect-file',
102 silly cache add   rawSpec: '0.0.7',
102 silly cache add   spec: '0.0.7',
102 silly cache add   type: 'version' }
103 silly addNamed gulp-expect-file@0.0.7
104 verbose addNamed "0.0.7" is a plain semver version for gulp-expect-file
105 silly mapToRegistry name gulp-expect-file
106 silly mapToRegistry using default registry
107 silly mapToRegistry registry https://registry.npmjs.org/
108 silly mapToRegistry uri https://registry.npmjs.org/gulp-expect-file
109 verbose addNameVersion registry:https://registry.npmjs.org/gulp-expect-file not in flight; fetching
110 silly cache add args [ 'gulp-filter@^1.0.2', null ]
111 verbose cache add spec gulp-filter@^1.0.2
112 silly cache add parsed spec Result {
112 silly cache add   raw: 'gulp-filter@^1.0.2',
112 silly cache add   scope: null,
112 silly cache add   name: 'gulp-filter',
112 silly cache add   rawSpec: '^1.0.2',
112 silly cache add   spec: '>=1.0.2 <2.0.0',
112 silly cache add   type: 'range' }
113 silly addNamed gulp-filter@>=1.0.2 <2.0.0
114 verbose addNamed ">=1.0.2 <2.0.0" is a valid semver range for gulp-filter
115 silly addNameRange { name: 'gulp-filter', range: '>=1.0.2 <2.0.0', hasData: false }
116 silly mapToRegistry name gulp-filter
117 silly mapToRegistry using default registry
118 silly mapToRegistry registry https://registry.npmjs.org/
119 silly mapToRegistry uri https://registry.npmjs.org/gulp-filter
120 verbose addNameRange registry:https://registry.npmjs.org/gulp-filter not in flight; fetching
121 silly cache add args [ 'gulp-html-prettify@0.0.1', null ]
122 verbose cache add spec gulp-html-prettify@0.0.1
123 silly cache add parsed spec Result {
123 silly cache add   raw: 'gulp-html-prettify@0.0.1',
123 silly cache add   scope: null,
123 silly cache add   name: 'gulp-html-prettify',
123 silly cache add   rawSpec: '0.0.1',
123 silly cache add   spec: '0.0.1',
123 silly cache add   type: 'version' }
124 silly addNamed gulp-html-prettify@0.0.1
125 verbose addNamed "0.0.1" is a plain semver version for gulp-html-prettify
126 silly mapToRegistry name gulp-html-prettify
127 silly mapToRegistry using default registry
128 silly mapToRegistry registry https://registry.npmjs.org/
129 silly mapToRegistry uri https://registry.npmjs.org/gulp-html-prettify
130 verbose addNameVersion registry:https://registry.npmjs.org/gulp-html-prettify not in flight; fetching
131 silly cache add args [ 'gulp-if@^1.2.5', null ]
132 verbose cache add spec gulp-if@^1.2.5
133 silly cache add parsed spec Result {
133 silly cache add   raw: 'gulp-if@^1.2.5',
133 silly cache add   scope: null,
133 silly cache add   name: 'gulp-if',
133 silly cache add   rawSpec: '^1.2.5',
133 silly cache add   spec: '>=1.2.5 <2.0.0',
133 silly cache add   type: 'range' }
134 silly addNamed gulp-if@>=1.2.5 <2.0.0
135 verbose addNamed ">=1.2.5 <2.0.0" is a valid semver range for gulp-if
136 silly addNameRange { name: 'gulp-if', range: '>=1.2.5 <2.0.0', hasData: false }
137 silly mapToRegistry name gulp-if
138 silly mapToRegistry using default registry
139 silly mapToRegistry registry https://registry.npmjs.org/
140 silly mapToRegistry uri https://registry.npmjs.org/gulp-if
141 verbose addNameRange registry:https://registry.npmjs.org/gulp-if not in flight; fetching
142 silly cache add args [ 'gulp-ignore@^1.2.1', null ]
143 verbose cache add spec gulp-ignore@^1.2.1
144 silly cache add parsed spec Result {
144 silly cache add   raw: 'gulp-ignore@^1.2.1',
144 silly cache add   scope: null,
144 silly cache add   name: 'gulp-ignore',
144 silly cache add   rawSpec: '^1.2.1',
144 silly cache add   spec: '>=1.2.1 <2.0.0',
144 silly cache add   type: 'range' }
145 silly addNamed gulp-ignore@>=1.2.1 <2.0.0
146 verbose addNamed ">=1.2.1 <2.0.0" is a valid semver range for gulp-ignore
147 silly addNameRange { name: 'gulp-ignore', range: '>=1.2.1 <2.0.0', hasData: false }
148 silly mapToRegistry name gulp-ignore
149 silly mapToRegistry using default registry
150 silly mapToRegistry registry https://registry.npmjs.org/
151 silly mapToRegistry uri https://registry.npmjs.org/gulp-ignore
152 verbose addNameRange registry:https://registry.npmjs.org/gulp-ignore not in flight; fetching
153 silly cache add args [ 'gulp-inject@^1.3.1', null ]
154 verbose cache add spec gulp-inject@^1.3.1
155 silly cache add parsed spec Result {
155 silly cache add   raw: 'gulp-inject@^1.3.1',
155 silly cache add   scope: null,
155 silly cache add   name: 'gulp-inject',
155 silly cache add   rawSpec: '^1.3.1',
155 silly cache add   spec: '>=1.3.1 <2.0.0',
155 silly cache add   type: 'range' }
156 silly addNamed gulp-inject@>=1.3.1 <2.0.0
157 verbose addNamed ">=1.3.1 <2.0.0" is a valid semver range for gulp-inject
158 silly addNameRange { name: 'gulp-inject', range: '>=1.3.1 <2.0.0', hasData: false }
159 silly mapToRegistry name gulp-inject
160 silly mapToRegistry using default registry
161 silly mapToRegistry registry https://registry.npmjs.org/
162 silly mapToRegistry uri https://registry.npmjs.org/gulp-inject
163 verbose addNameRange registry:https://registry.npmjs.org/gulp-inject not in flight; fetching
164 silly cache add args [ 'gulp-jade@^0.8.0', null ]
165 verbose cache add spec gulp-jade@^0.8.0
166 silly cache add parsed spec Result {
166 silly cache add   raw: 'gulp-jade@^0.8.0',
166 silly cache add   scope: null,
166 silly cache add   name: 'gulp-jade',
166 silly cache add   rawSpec: '^0.8.0',
166 silly cache add   spec: '>=0.8.0 <0.9.0',
166 silly cache add   type: 'range' }
167 silly addNamed gulp-jade@>=0.8.0 <0.9.0
168 verbose addNamed ">=0.8.0 <0.9.0" is a valid semver range for gulp-jade
169 silly addNameRange { name: 'gulp-jade', range: '>=0.8.0 <0.9.0', hasData: false }
170 silly mapToRegistry name gulp-jade
171 silly mapToRegistry using default registry
172 silly mapToRegistry registry https://registry.npmjs.org/
173 silly mapToRegistry uri https://registry.npmjs.org/gulp-jade
174 verbose addNameRange registry:https://registry.npmjs.org/gulp-jade not in flight; fetching
175 silly cache add args [ 'gulp-jshint@^1.11.0', null ]
176 verbose cache add spec gulp-jshint@^1.11.0
177 silly cache add parsed spec Result {
177 silly cache add   raw: 'gulp-jshint@^1.11.0',
177 silly cache add   scope: null,
177 silly cache add   name: 'gulp-jshint',
177 silly cache add   rawSpec: '^1.11.0',
177 silly cache add   spec: '>=1.11.0 <2.0.0',
177 silly cache add   type: 'range' }
178 silly addNamed gulp-jshint@>=1.11.0 <2.0.0
179 verbose addNamed ">=1.11.0 <2.0.0" is a valid semver range for gulp-jshint
180 silly addNameRange { name: 'gulp-jshint', range: '>=1.11.0 <2.0.0', hasData: false }
181 silly mapToRegistry name gulp-jshint
182 silly mapToRegistry using default registry
183 silly mapToRegistry registry https://registry.npmjs.org/
184 silly mapToRegistry uri https://registry.npmjs.org/gulp-jshint
185 verbose addNameRange registry:https://registry.npmjs.org/gulp-jshint not in flight; fetching
186 silly cache add args [ 'gulp-jsvalidate@^2.0.0', null ]
187 verbose cache add spec gulp-jsvalidate@^2.0.0
188 silly cache add parsed spec Result {
188 silly cache add   raw: 'gulp-jsvalidate@^2.0.0',
188 silly cache add   scope: null,
188 silly cache add   name: 'gulp-jsvalidate',
188 silly cache add   rawSpec: '^2.0.0',
188 silly cache add   spec: '>=2.0.0 <3.0.0',
188 silly cache add   type: 'range' }
189 silly addNamed gulp-jsvalidate@>=2.0.0 <3.0.0
190 verbose addNamed ">=2.0.0 <3.0.0" is a valid semver range for gulp-jsvalidate
191 silly addNameRange { name: 'gulp-jsvalidate',
191 silly addNameRange   range: '>=2.0.0 <3.0.0',
191 silly addNameRange   hasData: false }
192 silly mapToRegistry name gulp-jsvalidate
193 silly mapToRegistry using default registry
194 silly mapToRegistry registry https://registry.npmjs.org/
195 silly mapToRegistry uri https://registry.npmjs.org/gulp-jsvalidate
196 verbose addNameRange registry:https://registry.npmjs.org/gulp-jsvalidate not in flight; fetching
197 silly cache add args [ 'gulp-less@^1.3.9', null ]
198 verbose cache add spec gulp-less@^1.3.9
199 silly cache add parsed spec Result {
199 silly cache add   raw: 'gulp-less@^1.3.9',
199 silly cache add   scope: null,
199 silly cache add   name: 'gulp-less',
199 silly cache add   rawSpec: '^1.3.9',
199 silly cache add   spec: '>=1.3.9 <2.0.0',
199 silly cache add   type: 'range' }
200 silly addNamed gulp-less@>=1.3.9 <2.0.0
201 verbose addNamed ">=1.3.9 <2.0.0" is a valid semver range for gulp-less
202 silly addNameRange { name: 'gulp-less', range: '>=1.3.9 <2.0.0', hasData: false }
203 silly mapToRegistry name gulp-less
204 silly mapToRegistry using default registry
205 silly mapToRegistry registry https://registry.npmjs.org/
206 silly mapToRegistry uri https://registry.npmjs.org/gulp-less
207 verbose addNameRange registry:https://registry.npmjs.org/gulp-less not in flight; fetching
208 silly cache add args [ 'gulp-livereload@^2.1.1', null ]
209 verbose cache add spec gulp-livereload@^2.1.1
210 silly cache add parsed spec Result {
210 silly cache add   raw: 'gulp-livereload@^2.1.1',
210 silly cache add   scope: null,
210 silly cache add   name: 'gulp-livereload',
210 silly cache add   rawSpec: '^2.1.1',
210 silly cache add   spec: '>=2.1.1 <3.0.0',
210 silly cache add   type: 'range' }
211 silly addNamed gulp-livereload@>=2.1.1 <3.0.0
212 verbose addNamed ">=2.1.1 <3.0.0" is a valid semver range for gulp-livereload
213 silly addNameRange { name: 'gulp-livereload',
213 silly addNameRange   range: '>=2.1.1 <3.0.0',
213 silly addNameRange   hasData: false }
214 silly mapToRegistry name gulp-livereload
215 silly mapToRegistry using default registry
216 silly mapToRegistry registry https://registry.npmjs.org/
217 silly mapToRegistry uri https://registry.npmjs.org/gulp-livereload
218 verbose addNameRange registry:https://registry.npmjs.org/gulp-livereload not in flight; fetching
219 silly cache add args [ 'gulp-load-plugins@^0.10.0', null ]
220 verbose cache add spec gulp-load-plugins@^0.10.0
221 silly cache add parsed spec Result {
221 silly cache add   raw: 'gulp-load-plugins@^0.10.0',
221 silly cache add   scope: null,
221 silly cache add   name: 'gulp-load-plugins',
221 silly cache add   rawSpec: '^0.10.0',
221 silly cache add   spec: '>=0.10.0 <0.11.0',
221 silly cache add   type: 'range' }
222 silly addNamed gulp-load-plugins@>=0.10.0 <0.11.0
223 verbose addNamed ">=0.10.0 <0.11.0" is a valid semver range for gulp-load-plugins
224 silly addNameRange { name: 'gulp-load-plugins',
224 silly addNameRange   range: '>=0.10.0 <0.11.0',
224 silly addNameRange   hasData: false }
225 silly mapToRegistry name gulp-load-plugins
226 silly mapToRegistry using default registry
227 silly mapToRegistry registry https://registry.npmjs.org/
228 silly mapToRegistry uri https://registry.npmjs.org/gulp-load-plugins
229 verbose addNameRange registry:https://registry.npmjs.org/gulp-load-plugins not in flight; fetching
230 silly cache add args [ 'gulp-minify-css@^0.3.11', null ]
231 verbose cache add spec gulp-minify-css@^0.3.11
232 silly cache add parsed spec Result {
232 silly cache add   raw: 'gulp-minify-css@^0.3.11',
232 silly cache add   scope: null,
232 silly cache add   name: 'gulp-minify-css',
232 silly cache add   rawSpec: '^0.3.11',
232 silly cache add   spec: '>=0.3.11 <0.4.0',
232 silly cache add   type: 'range' }
233 silly addNamed gulp-minify-css@>=0.3.11 <0.4.0
234 verbose addNamed ">=0.3.11 <0.4.0" is a valid semver range for gulp-minify-css
235 silly addNameRange { name: 'gulp-minify-css',
235 silly addNameRange   range: '>=0.3.11 <0.4.0',
235 silly addNameRange   hasData: false }
236 silly mapToRegistry name gulp-minify-css
237 silly mapToRegistry using default registry
238 silly mapToRegistry registry https://registry.npmjs.org/
239 silly mapToRegistry uri https://registry.npmjs.org/gulp-minify-css
240 verbose addNameRange registry:https://registry.npmjs.org/gulp-minify-css not in flight; fetching
241 silly cache add args [ 'gulp-ng-annotate@^0.4.3', null ]
242 verbose cache add spec gulp-ng-annotate@^0.4.3
243 silly cache add parsed spec Result {
243 silly cache add   raw: 'gulp-ng-annotate@^0.4.3',
243 silly cache add   scope: null,
243 silly cache add   name: 'gulp-ng-annotate',
243 silly cache add   rawSpec: '^0.4.3',
243 silly cache add   spec: '>=0.4.3 <0.5.0',
243 silly cache add   type: 'range' }
244 silly addNamed gulp-ng-annotate@>=0.4.3 <0.5.0
245 verbose addNamed ">=0.4.3 <0.5.0" is a valid semver range for gulp-ng-annotate
246 silly addNameRange { name: 'gulp-ng-annotate',
246 silly addNameRange   range: '>=0.4.3 <0.5.0',
246 silly addNameRange   hasData: false }
247 silly mapToRegistry name gulp-ng-annotate
248 silly mapToRegistry using default registry
249 silly mapToRegistry registry https://registry.npmjs.org/
250 silly mapToRegistry uri https://registry.npmjs.org/gulp-ng-annotate
251 verbose addNameRange registry:https://registry.npmjs.org/gulp-ng-annotate not in flight; fetching
252 silly cache add args [ 'gulp-rename@^1.2.0', null ]
253 verbose cache add spec gulp-rename@^1.2.0
254 silly cache add parsed spec Result {
254 silly cache add   raw: 'gulp-rename@^1.2.0',
254 silly cache add   scope: null,
254 silly cache add   name: 'gulp-rename',
254 silly cache add   rawSpec: '^1.2.0',
254 silly cache add   spec: '>=1.2.0 <2.0.0',
254 silly cache add   type: 'range' }
255 silly addNamed gulp-rename@>=1.2.0 <2.0.0
256 verbose addNamed ">=1.2.0 <2.0.0" is a valid semver range for gulp-rename
257 silly addNameRange { name: 'gulp-rename', range: '>=1.2.0 <2.0.0', hasData: false }
258 silly mapToRegistry name gulp-rename
259 silly mapToRegistry using default registry
260 silly mapToRegistry registry https://registry.npmjs.org/
261 silly mapToRegistry uri https://registry.npmjs.org/gulp-rename
262 verbose addNameRange registry:https://registry.npmjs.org/gulp-rename not in flight; fetching
263 silly cache add args [ 'gulp-sass@^1.3.2', null ]
264 verbose cache add spec gulp-sass@^1.3.2
265 silly cache add parsed spec Result {
265 silly cache add   raw: 'gulp-sass@^1.3.2',
265 silly cache add   scope: null,
265 silly cache add   name: 'gulp-sass',
265 silly cache add   rawSpec: '^1.3.2',
265 silly cache add   spec: '>=1.3.2 <2.0.0',
265 silly cache add   type: 'range' }
266 silly addNamed gulp-sass@>=1.3.2 <2.0.0
267 verbose addNamed ">=1.3.2 <2.0.0" is a valid semver range for gulp-sass
268 silly addNameRange { name: 'gulp-sass', range: '>=1.3.2 <2.0.0', hasData: false }
269 silly mapToRegistry name gulp-sass
270 silly mapToRegistry using default registry
271 silly mapToRegistry registry https://registry.npmjs.org/
272 silly mapToRegistry uri https://registry.npmjs.org/gulp-sass
273 verbose addNameRange registry:https://registry.npmjs.org/gulp-sass not in flight; fetching
274 silly cache add args [ 'gulp-sourcemaps@^1.3.0', null ]
275 verbose cache add spec gulp-sourcemaps@^1.3.0
276 silly cache add parsed spec Result {
276 silly cache add   raw: 'gulp-sourcemaps@^1.3.0',
276 silly cache add   scope: null,
276 silly cache add   name: 'gulp-sourcemaps',
276 silly cache add   rawSpec: '^1.3.0',
276 silly cache add   spec: '>=1.3.0 <2.0.0',
276 silly cache add   type: 'range' }
277 silly addNamed gulp-sourcemaps@>=1.3.0 <2.0.0
278 verbose addNamed ">=1.3.0 <2.0.0" is a valid semver range for gulp-sourcemaps
279 silly addNameRange { name: 'gulp-sourcemaps',
279 silly addNameRange   range: '>=1.3.0 <2.0.0',
279 silly addNameRange   hasData: false }
280 silly mapToRegistry name gulp-sourcemaps
281 silly mapToRegistry using default registry
282 silly mapToRegistry registry https://registry.npmjs.org/
283 silly mapToRegistry uri https://registry.npmjs.org/gulp-sourcemaps
284 verbose addNameRange registry:https://registry.npmjs.org/gulp-sourcemaps not in flight; fetching
285 silly cache add args [ 'gulp-sync@^0.1.4', null ]
286 verbose cache add spec gulp-sync@^0.1.4
287 silly cache add parsed spec Result {
287 silly cache add   raw: 'gulp-sync@^0.1.4',
287 silly cache add   scope: null,
287 silly cache add   name: 'gulp-sync',
287 silly cache add   rawSpec: '^0.1.4',
287 silly cache add   spec: '>=0.1.4 <0.2.0',
287 silly cache add   type: 'range' }
288 silly addNamed gulp-sync@>=0.1.4 <0.2.0
289 verbose addNamed ">=0.1.4 <0.2.0" is a valid semver range for gulp-sync
290 silly addNameRange { name: 'gulp-sync', range: '>=0.1.4 <0.2.0', hasData: false }
291 silly mapToRegistry name gulp-sync
292 silly mapToRegistry using default registry
293 silly mapToRegistry registry https://registry.npmjs.org/
294 silly mapToRegistry uri https://registry.npmjs.org/gulp-sync
295 verbose addNameRange registry:https://registry.npmjs.org/gulp-sync not in flight; fetching
296 silly cache add args [ 'gulp-uglify@^1.1.0', null ]
297 verbose cache add spec gulp-uglify@^1.1.0
298 silly cache add parsed spec Result {
298 silly cache add   raw: 'gulp-uglify@^1.1.0',
298 silly cache add   scope: null,
298 silly cache add   name: 'gulp-uglify',
298 silly cache add   rawSpec: '^1.1.0',
298 silly cache add   spec: '>=1.1.0 <2.0.0',
298 silly cache add   type: 'range' }
299 silly addNamed gulp-uglify@>=1.1.0 <2.0.0
300 verbose addNamed ">=1.1.0 <2.0.0" is a valid semver range for gulp-uglify
301 silly addNameRange { name: 'gulp-uglify', range: '>=1.1.0 <2.0.0', hasData: false }
302 silly mapToRegistry name gulp-uglify
303 silly mapToRegistry using default registry
304 silly mapToRegistry registry https://registry.npmjs.org/
305 silly mapToRegistry uri https://registry.npmjs.org/gulp-uglify
306 verbose addNameRange registry:https://registry.npmjs.org/gulp-uglify not in flight; fetching
307 silly cache add args [ 'gulp-util@^3.0.1', null ]
308 verbose cache add spec gulp-util@^3.0.1
309 silly cache add parsed spec Result {
309 silly cache add   raw: 'gulp-util@^3.0.1',
309 silly cache add   scope: null,
309 silly cache add   name: 'gulp-util',
309 silly cache add   rawSpec: '^3.0.1',
309 silly cache add   spec: '>=3.0.1 <4.0.0',
309 silly cache add   type: 'range' }
310 silly addNamed gulp-util@>=3.0.1 <4.0.0
311 verbose addNamed ">=3.0.1 <4.0.0" is a valid semver range for gulp-util
312 silly addNameRange { name: 'gulp-util', range: '>=3.0.1 <4.0.0', hasData: false }
313 silly mapToRegistry name gulp-util
314 silly mapToRegistry using default registry
315 silly mapToRegistry registry https://registry.npmjs.org/
316 silly mapToRegistry uri https://registry.npmjs.org/gulp-util
317 verbose addNameRange registry:https://registry.npmjs.org/gulp-util not in flight; fetching
318 silly cache add args [ 'jshint-stylish@^2.0.0', null ]
319 verbose cache add spec jshint-stylish@^2.0.0
320 silly cache add parsed spec Result {
320 silly cache add   raw: 'jshint-stylish@^2.0.0',
320 silly cache add   scope: null,
320 silly cache add   name: 'jshint-stylish',
320 silly cache add   rawSpec: '^2.0.0',
320 silly cache add   spec: '>=2.0.0 <3.0.0',
320 silly cache add   type: 'range' }
321 silly addNamed jshint-stylish@>=2.0.0 <3.0.0
322 verbose addNamed ">=2.0.0 <3.0.0" is a valid semver range for jshint-stylish
323 silly addNameRange { name: 'jshint-stylish',
323 silly addNameRange   range: '>=2.0.0 <3.0.0',
323 silly addNameRange   hasData: false }
324 silly mapToRegistry name jshint-stylish
325 silly mapToRegistry using default registry
326 silly mapToRegistry registry https://registry.npmjs.org/
327 silly mapToRegistry uri https://registry.npmjs.org/jshint-stylish
328 verbose addNameRange registry:https://registry.npmjs.org/jshint-stylish not in flight; fetching
329 silly cache add args [ 'marked@^0.3.2', null ]
330 verbose cache add spec marked@^0.3.2
331 silly cache add parsed spec Result {
331 silly cache add   raw: 'marked@^0.3.2',
331 silly cache add   scope: null,
331 silly cache add   name: 'marked',
331 silly cache add   rawSpec: '^0.3.2',
331 silly cache add   spec: '>=0.3.2 <0.4.0',
331 silly cache add   type: 'range' }
332 silly addNamed marked@>=0.3.2 <0.4.0
333 verbose addNamed ">=0.3.2 <0.4.0" is a valid semver range for marked
334 silly addNameRange { name: 'marked', range: '>=0.3.2 <0.4.0', hasData: false }
335 silly mapToRegistry name marked
336 silly mapToRegistry using default registry
337 silly mapToRegistry registry https://registry.npmjs.org/
338 silly mapToRegistry uri https://registry.npmjs.org/marked
339 verbose addNameRange registry:https://registry.npmjs.org/marked not in flight; fetching
340 silly cache add args [ 'through2@^0.6.3', null ]
341 verbose cache add spec through2@^0.6.3
342 silly cache add parsed spec Result {
342 silly cache add   raw: 'through2@^0.6.3',
342 silly cache add   scope: null,
342 silly cache add   name: 'through2',
342 silly cache add   rawSpec: '^0.6.3',
342 silly cache add   spec: '>=0.6.3 <0.7.0',
342 silly cache add   type: 'range' }
343 silly addNamed through2@>=0.6.3 <0.7.0
344 verbose addNamed ">=0.6.3 <0.7.0" is a valid semver range for through2
345 silly addNameRange { name: 'through2', range: '>=0.6.3 <0.7.0', hasData: false }
346 silly mapToRegistry name through2
347 silly mapToRegistry using default registry
348 silly mapToRegistry registry https://registry.npmjs.org/
349 silly mapToRegistry uri https://registry.npmjs.org/through2
350 verbose addNameRange registry:https://registry.npmjs.org/through2 not in flight; fetching
351 silly cache add args [ 'yargs@^3.7.2', null ]
352 verbose cache add spec yargs@^3.7.2
353 silly cache add parsed spec Result {
353 silly cache add   raw: 'yargs@^3.7.2',
353 silly cache add   scope: null,
353 silly cache add   name: 'yargs',
353 silly cache add   rawSpec: '^3.7.2',
353 silly cache add   spec: '>=3.7.2 <4.0.0',
353 silly cache add   type: 'range' }
354 silly addNamed yargs@>=3.7.2 <4.0.0
355 verbose addNamed ">=3.7.2 <4.0.0" is a valid semver range for yargs
356 silly addNameRange { name: 'yargs', range: '>=3.7.2 <4.0.0', hasData: false }
357 silly mapToRegistry name yargs
358 silly mapToRegistry using default registry
359 silly mapToRegistry registry https://registry.npmjs.org/
360 silly mapToRegistry uri https://registry.npmjs.org/yargs
361 verbose addNameRange registry:https://registry.npmjs.org/yargs not in flight; fetching
362 silly cache add args [ 'css-flip@git://github.com/geedmo/css-flip.git', null ]
363 verbose cache add spec css-flip@git://github.com/geedmo/css-flip.git
364 verbose request uri https://registry.npmjs.org/del
365 verbose request no auth needed
366 info attempt registry request try #1 at 15:02:50
367 verbose request id c7d61f6c87c582d5
368 http request GET https://registry.npmjs.org/del
369 verbose request uri https://registry.npmjs.org/gulp-angular-htmlify
370 verbose request no auth needed
371 info attempt registry request try #1 at 15:02:50
372 http request GET https://registry.npmjs.org/gulp-angular-htmlify
373 verbose request uri https://registry.npmjs.org/gulp-angular-templatecache
374 verbose request no auth needed
375 info attempt registry request try #1 at 15:02:50
376 http request GET https://registry.npmjs.org/gulp-angular-templatecache
377 verbose request uri https://registry.npmjs.org/gulp-changed
378 verbose request no auth needed
379 info attempt registry request try #1 at 15:02:50
380 http request GET https://registry.npmjs.org/gulp-changed
381 verbose request uri https://registry.npmjs.org/gulp-compass
382 verbose request no auth needed
383 info attempt registry request try #1 at 15:02:50
384 http request GET https://registry.npmjs.org/gulp-compass
385 verbose request uri https://registry.npmjs.org/gulp-css-flip
386 verbose request no auth needed
387 info attempt registry request try #1 at 15:02:50
388 http request GET https://registry.npmjs.org/gulp-css-flip
389 verbose request uri https://registry.npmjs.org/gulp-expect-file
390 verbose request no auth needed
391 info attempt registry request try #1 at 15:02:50
392 http request GET https://registry.npmjs.org/gulp-expect-file
393 verbose request uri https://registry.npmjs.org/gulp-filter
394 verbose request no auth needed
395 info attempt registry request try #1 at 15:02:50
396 http request GET https://registry.npmjs.org/gulp-filter
397 verbose request uri https://registry.npmjs.org/gulp-html-prettify
398 verbose request no auth needed
399 info attempt registry request try #1 at 15:02:50
400 http request GET https://registry.npmjs.org/gulp-html-prettify
401 verbose request uri https://registry.npmjs.org/gulp-if
402 verbose request no auth needed
403 info attempt registry request try #1 at 15:02:50
404 http request GET https://registry.npmjs.org/gulp-if
405 verbose request uri https://registry.npmjs.org/gulp-ignore
406 verbose request no auth needed
407 info attempt registry request try #1 at 15:02:50
408 http request GET https://registry.npmjs.org/gulp-ignore
409 verbose request uri https://registry.npmjs.org/gulp-inject
410 verbose request no auth needed
411 info attempt registry request try #1 at 15:02:50
412 http request GET https://registry.npmjs.org/gulp-inject
413 verbose request uri https://registry.npmjs.org/gulp-jade
414 verbose request no auth needed
415 info attempt registry request try #1 at 15:02:50
416 http request GET https://registry.npmjs.org/gulp-jade
417 verbose request uri https://registry.npmjs.org/gulp-jshint
418 verbose request no auth needed
419 info attempt registry request try #1 at 15:02:50
420 http request GET https://registry.npmjs.org/gulp-jshint
421 verbose request uri https://registry.npmjs.org/gulp-jsvalidate
422 verbose request no auth needed
423 info attempt registry request try #1 at 15:02:50
424 http request GET https://registry.npmjs.org/gulp-jsvalidate
425 verbose request uri https://registry.npmjs.org/gulp-less
426 verbose request no auth needed
427 info attempt registry request try #1 at 15:02:50
428 http request GET https://registry.npmjs.org/gulp-less
429 verbose request uri https://registry.npmjs.org/gulp-livereload
430 verbose request no auth needed
431 info attempt registry request try #1 at 15:02:50
432 http request GET https://registry.npmjs.org/gulp-livereload
433 verbose request uri https://registry.npmjs.org/gulp-load-plugins
434 verbose request no auth needed
435 info attempt registry request try #1 at 15:02:50
436 http request GET https://registry.npmjs.org/gulp-load-plugins
437 verbose request uri https://registry.npmjs.org/gulp-minify-css
438 verbose request no auth needed
439 info attempt registry request try #1 at 15:02:50
440 http request GET https://registry.npmjs.org/gulp-minify-css
441 verbose request uri https://registry.npmjs.org/gulp-ng-annotate
442 verbose request no auth needed
443 info attempt registry request try #1 at 15:02:50
444 http request GET https://registry.npmjs.org/gulp-ng-annotate
445 verbose request uri https://registry.npmjs.org/gulp-sass
446 verbose request no auth needed
447 info attempt registry request try #1 at 15:02:50
448 http request GET https://registry.npmjs.org/gulp-sass
449 verbose request uri https://registry.npmjs.org/gulp-sync
450 verbose request no auth needed
451 info attempt registry request try #1 at 15:02:50
452 http request GET https://registry.npmjs.org/gulp-sync
453 verbose request uri https://registry.npmjs.org/jshint-stylish
454 verbose request no auth needed
455 info attempt registry request try #1 at 15:02:50
456 http request GET https://registry.npmjs.org/jshint-stylish
457 verbose request uri https://registry.npmjs.org/marked
458 verbose request no auth needed
459 info attempt registry request try #1 at 15:02:50
460 http request GET https://registry.npmjs.org/marked
461 silly cache add parsed spec Result {
461 silly cache add   raw: 'css-flip@git://github.com/geedmo/css-flip.git',
461 silly cache add   scope: null,
461 silly cache add   name: 'css-flip',
461 silly cache add   rawSpec: 'git://github.com/geedmo/css-flip.git',
461 silly cache add   spec: 'git://github.com/geedmo/css-flip.git',
461 silly cache add   type: 'hosted',
461 silly cache add   hosted:
461 silly cache add    { type: 'github',
461 silly cache add      ssh: 'git@github.com:geedmo/css-flip.git',
461 silly cache add      sshUrl: 'git+ssh://git@github.com/geedmo/css-flip.git',
461 silly cache add      httpsUrl: 'git+https://github.com/geedmo/css-flip.git',
461 silly cache add      gitUrl: 'git://github.com/geedmo/css-flip.git',
461 silly cache add      shortcut: 'github:geedmo/css-flip',
461 silly cache add      directUrl: 'https://raw.githubusercontent.com/geedmo/css-flip/master/package.json' } }
462 verbose addRemoteGit caching git://github.com/geedmo/css-flip.git
463 verbose addRemoteGit git://github.com/geedmo/css-flip.git is a repository hosted by github
464 silly tryClone cloning git://github.com/geedmo/css-flip.git via git://github.com/geedmo/css-flip.git
465 verbose tryClone git-github-com-geedmo-css-flip-git-3c35004c not in flight; caching
466 verbose makeDirectory /Users/xieyang/.npm/_git-remotes creation not in flight; initializing
467 silly makeDirectory /Users/xieyang/.npm/_git-remotes uid: 501 gid: 20
468 verbose request uri https://registry.npmjs.org/gulp-uglify
469 verbose request no auth needed
470 info attempt registry request try #1 at 15:02:50
471 verbose etag "EYMIVJSDTV7CVGGWJTMBLPA8J"
472 http request GET https://registry.npmjs.org/gulp-uglify
473 verbose request uri https://registry.npmjs.org/gulp-rename
474 verbose request no auth needed
475 info attempt registry request try #1 at 15:02:50
476 verbose etag "D7MA2J59TKM2F9U05LCFEY6ZJ"
477 http request GET https://registry.npmjs.org/gulp-rename
478 verbose request uri https://registry.npmjs.org/gulp-concat
479 verbose request no auth needed
480 info attempt registry request try #1 at 15:02:50
481 verbose etag "1Z7HDVZ87BSL9GI8YBFZDQ3KH"
482 http request GET https://registry.npmjs.org/gulp-concat
483 verbose request uri https://registry.npmjs.org/gulp
484 verbose request no auth needed
485 info attempt registry request try #1 at 15:02:50
486 verbose etag "2ION4BZ47YCL82YRI0EO04N8I"
487 http request GET https://registry.npmjs.org/gulp
488 verbose request uri https://registry.npmjs.org/gulp-sourcemaps
489 verbose request no auth needed
490 info attempt registry request try #1 at 15:02:50
491 verbose etag "10YNPI4EJ2TOBMSU7GEA44455"
492 http request GET https://registry.npmjs.org/gulp-sourcemaps
493 verbose request uri https://registry.npmjs.org/through2
494 verbose request no auth needed
495 info attempt registry request try #1 at 15:02:50
496 verbose etag "E7S31MS9JJ061VY14JM1A6SK4"
497 http request GET https://registry.npmjs.org/through2
498 verbose request uri https://registry.npmjs.org/gulp-util
499 verbose request no auth needed
500 info attempt registry request try #1 at 15:02:50
501 verbose etag "82I8YQLLFR1XFW7EFGYKKORNU"
502 http request GET https://registry.npmjs.org/gulp-util
503 verbose request uri https://registry.npmjs.org/yargs
504 verbose request no auth needed
505 info attempt registry request try #1 at 15:02:50
506 verbose etag "FE4IGC8WMW7YDVDZ0BHVWIRZ"
507 http request GET https://registry.npmjs.org/yargs
508 info git [ 'clone',
508 info git   '--template=/Users/xieyang/.npm/_git-remotes/_templates',
508 info git   '--mirror',
508 info git   'git://github.com/geedmo/css-flip.git',
508 info git   '/Users/xieyang/.npm/_git-remotes/git-github-com-geedmo-css-flip-git-3c35004c' ]
509 verbose mirrorRemote git://github.com/geedmo/css-flip.git git clone git://github.com/geedmo/css-flip.git
510 verbose setPermissions git://github.com/geedmo/css-flip.git set permissions on /Users/xieyang/.npm/_git-remotes/git-github-com-geedmo-css-flip-git-3c35004c
511 verbose resolveHead git://github.com/geedmo/css-flip.git original treeish: master
512 info git [ 'rev-list', '-n1', 'master' ]
513 silly resolveHead git://github.com/geedmo/css-flip.git resolved treeish: 063a4859a3d0794344af45d5c96b75274602b4f6
514 verbose resolveHead git://github.com/geedmo/css-flip.git resolved Git URL: git://github.com/geedmo/css-flip.git#063a4859a3d0794344af45d5c96b75274602b4f6
515 silly resolveHead Git working directory: /var/folders/04/wqt2c0nn2610vbd_z9l46zzc0000gn/T/npm-1895-13d6b0b5/git-cache-b5c4441f920f/063a4859a3d0794344af45d5c96b75274602b4f6
516 info git [ 'clone',
516 info git   '/Users/xieyang/.npm/_git-remotes/git-github-com-geedmo-css-flip-git-3c35004c',
516 info git   '/var/folders/04/wqt2c0nn2610vbd_z9l46zzc0000gn/T/npm-1895-13d6b0b5/git-cache-b5c4441f920f/063a4859a3d0794344af45d5c96b75274602b4f6' ]
517 verbose cloneResolved git://github.com/geedmo/css-flip.git clone Cloning into '/var/folders/04/wqt2c0nn2610vbd_z9l46zzc0000gn/T/npm-1895-13d6b0b5/git-cache-b5c4441f920f/063a4859a3d0794344af45d5c96b75274602b4f6'...
517 verbose cloneResolved done.
518 info git [ 'checkout', '063a4859a3d0794344af45d5c96b75274602b4f6' ]
519 verbose checkoutTreeish git://github.com/geedmo/css-flip.git checkout Note: checking out '063a4859a3d0794344af45d5c96b75274602b4f6'.
519 verbose checkoutTreeish
519 verbose checkoutTreeish You are in 'detached HEAD' state. You can look around, make experimental
519 verbose checkoutTreeish changes and commit them, and you can discard any commits you make in this
519 verbose checkoutTreeish state without impacting any branches by performing another checkout.
519 verbose checkoutTreeish
519 verbose checkoutTreeish If you want to create a new branch to retain commits you create, you may
519 verbose checkoutTreeish do so (now or later) by using -b with the checkout command again. Example:
519 verbose checkoutTreeish
519 verbose checkoutTreeish   git checkout -b <new-branch-name>
519 verbose checkoutTreeish
519 verbose checkoutTreeish HEAD is now at 063a485... Added transform property with translate{3d}
520 verbose addLocalDirectory /Users/xieyang/.npm/css-flip/0.5.0/package.tgz not in flight; packing
521 verbose tar pack [ '/Users/xieyang/.npm/css-flip/0.5.0/package.tgz',
521 verbose tar pack   '/var/folders/04/wqt2c0nn2610vbd_z9l46zzc0000gn/T/npm-1895-13d6b0b5/git-cache-b5c4441f920f/063a4859a3d0794344af45d5c96b75274602b4f6' ]
522 verbose tarball /Users/xieyang/.npm/css-flip/0.5.0/package.tgz
523 verbose folder /var/folders/04/wqt2c0nn2610vbd_z9l46zzc0000gn/T/npm-1895-13d6b0b5/git-cache-b5c4441f920f/063a4859a3d0794344af45d5c96b75274602b4f6
524 verbose addLocalTarball adding from inside cache /Users/xieyang/.npm/css-flip/0.5.0/package.tgz
525 verbose addRemoteGit data._from: git://github.com/geedmo/css-flip.git
526 verbose addRemoteGit data._resolved: git://github.com/geedmo/css-flip.git#063a4859a3d0794344af45d5c96b75274602b4f6
527 silly cache afterAdd css-flip@0.5.0
528 verbose afterAdd /Users/xieyang/.npm/css-flip/0.5.0/package/package.json not in flight; writing
529 verbose afterAdd /Users/xieyang/.npm/css-flip/0.5.0/package/package.json written
530 info retry will retry, error on last attempt: Error: socket hang up
531 info retry will retry, error on last attempt: Error: socket hang up
532 info retry will retry, error on last attempt: Error: socket hang up
533 info retry will retry, error on last attempt: Error: socket hang up
534 info retry will retry, error on last attempt: Error: socket hang up
535 info retry will retry, error on last attempt: Error: socket hang up
536 info retry will retry, error on last attempt: Error: socket hang up
537 info retry will retry, error on last attempt: Error: socket hang up
538 info retry will retry, error on last attempt: Error: socket hang up
539 info retry will retry, error on last attempt: Error: socket hang up
540 info retry will retry, error on last attempt: Error: socket hang up
541 info retry will retry, error on last attempt: Error: socket hang up
542 info retry will retry, error on last attempt: Error: socket hang up
543 info retry will retry, error on last attempt: Error: socket hang up
544 info retry will retry, error on last attempt: Error: socket hang up
545 info retry will retry, error on last attempt: Error: socket hang up
546 info retry will retry, error on last attempt: Error: socket hang up
547 info retry will retry, error on last attempt: Error: socket hang up
548 info retry will retry, error on last attempt: Error: socket hang up
549 info retry will retry, error on last attempt: Error: socket hang up
550 info retry will retry, error on last attempt: Error: socket hang up
551 info retry will retry, error on last attempt: Error: socket hang up
552 info retry will retry, error on last attempt: Error: socket hang up
553 info retry will retry, error on last attempt: Error: socket hang up
554 info retry will retry, error on last attempt: Error: socket hang up
555 info retry will retry, error on last attempt: Error: socket hang up
556 info retry will retry, error on last attempt: Error: socket hang up
557 info retry will retry, error on last attempt: Error: socket hang up
558 info retry will retry, error on last attempt: Error: socket hang up
559 info retry will retry, error on last attempt: Error: socket hang up
560 info retry will retry, error on last attempt: Error: socket hang up
561 info retry will retry, error on last attempt: Error: socket hang up
562 info attempt registry request try #2 at 15:04:03
563 http request GET https://registry.npmjs.org/del
564 info attempt registry request try #2 at 15:04:03
565 http request GET https://registry.npmjs.org/gulp-sass
566 info attempt registry request try #2 at 15:04:03
567 http request GET https://registry.npmjs.org/gulp-if
568 info attempt registry request try #2 at 15:04:03
569 http request GET https://registry.npmjs.org/gulp-compass
570 info attempt registry request try #2 at 15:04:03
571 http request GET https://registry.npmjs.org/gulp-css-flip
572 info attempt registry request try #2 at 15:04:03
573 http request GET https://registry.npmjs.org/gulp-angular-htmlify
574 info attempt registry request try #2 at 15:04:03
575 http request GET https://registry.npmjs.org/gulp-sync
576 info attempt registry request try #2 at 15:04:03
577 http request GET https://registry.npmjs.org/gulp-livereload
578 info attempt registry request try #2 at 15:04:03
579 http request GET https://registry.npmjs.org/gulp-load-plugins
580 info attempt registry request try #2 at 15:04:03
581 http request GET https://registry.npmjs.org/gulp-filter
582 info attempt registry request try #2 at 15:04:03
583 http request GET https://registry.npmjs.org/gulp-less
584 info attempt registry request try #2 at 15:04:03
585 verbose etag "1Z7HDVZ87BSL9GI8YBFZDQ3KH"
586 http request GET https://registry.npmjs.org/gulp-concat
587 info attempt registry request try #2 at 15:04:03
588 verbose etag "82I8YQLLFR1XFW7EFGYKKORNU"
589 http request GET https://registry.npmjs.org/gulp-util
590 info attempt registry request try #2 at 15:04:03
591 http request GET https://registry.npmjs.org/gulp-jshint
592 info attempt registry request try #2 at 15:04:03
593 verbose etag "FE4IGC8WMW7YDVDZ0BHVWIRZ"
594 http request GET https://registry.npmjs.org/yargs
595 info attempt registry request try #2 at 15:04:03
596 http request GET https://registry.npmjs.org/gulp-jade
597 info attempt registry request try #2 at 15:04:03
598 http request GET https://registry.npmjs.org/gulp-jsvalidate
599 info attempt registry request try #2 at 15:04:03
600 http request GET https://registry.npmjs.org/gulp-expect-file
601 info attempt registry request try #2 at 15:04:03
602 http request GET https://registry.npmjs.org/jshint-stylish
603 info attempt registry request try #2 at 15:04:03
604 verbose etag "E7S31MS9JJ061VY14JM1A6SK4"
605 http request GET https://registry.npmjs.org/through2
606 info attempt registry request try #2 at 15:04:03
607 http request GET https://registry.npmjs.org/gulp-html-prettify
608 info attempt registry request try #2 at 15:04:03
609 verbose etag "D7MA2J59TKM2F9U05LCFEY6ZJ"
610 http request GET https://registry.npmjs.org/gulp-rename
611 info attempt registry request try #2 at 15:04:03
612 verbose etag "10YNPI4EJ2TOBMSU7GEA44455"
613 http request GET https://registry.npmjs.org/gulp-sourcemaps
614 info attempt registry request try #2 at 15:04:03
615 verbose etag "2ION4BZ47YCL82YRI0EO04N8I"
616 http request GET https://registry.npmjs.org/gulp
617 info attempt registry request try #2 at 15:04:03
618 http request GET https://registry.npmjs.org/gulp-inject
619 info attempt registry request try #2 at 15:04:03
620 http request GET https://registry.npmjs.org/marked
621 info attempt registry request try #2 at 15:04:03
622 http request GET https://registry.npmjs.org/gulp-changed
623 info attempt registry request try #2 at 15:04:03
624 verbose etag "EYMIVJSDTV7CVGGWJTMBLPA8J"
625 http request GET https://registry.npmjs.org/gulp-uglify
626 info attempt registry request try #2 at 15:04:03
627 http request GET https://registry.npmjs.org/gulp-ignore
628 info attempt registry request try #2 at 15:04:03
629 http request GET https://registry.npmjs.org/gulp-angular-templatecache
630 info attempt registry request try #2 at 15:04:03
631 http request GET https://registry.npmjs.org/gulp-ng-annotate
632 info attempt registry request try #2 at 15:04:04
633 http request GET https://registry.npmjs.org/gulp-minify-css
634 info retry will retry, error on last attempt: Error: socket hang up
635 info retry will retry, error on last attempt: Error: socket hang up
636 info retry will retry, error on last attempt: Error: socket hang up
637 info retry will retry, error on last attempt: Error: socket hang up
638 info retry will retry, error on last attempt: Error: socket hang up
639 info retry will retry, error on last attempt: Error: socket hang up
640 info retry will retry, error on last attempt: Error: socket hang up
641 info retry will retry, error on last attempt: Error: socket hang up
642 info retry will retry, error on last attempt: Error: socket hang up
643 info retry will retry, error on last attempt: Error: socket hang up
644 info retry will retry, error on last attempt: Error: socket hang up
645 info retry will retry, error on last attempt: Error: socket hang up
646 info retry will retry, error on last attempt: Error: socket hang up
647 info retry will retry, error on last attempt: Error: socket hang up
648 info retry will retry, error on last attempt: Error: socket hang up
649 info retry will retry, error on last attempt: Error: socket hang up
650 info retry will retry, error on last attempt: Error: socket hang up
651 info retry will retry, error on last attempt: Error: socket hang up
652 info retry will retry, error on last attempt: Error: socket hang up
653 info retry will retry, error on last attempt: Error: socket hang up
654 info retry will retry, error on last attempt: Error: socket hang up
655 info retry will retry, error on last attempt: Error: socket hang up
656 info retry will retry, error on last attempt: Error: socket hang up
657 info retry will retry, error on last attempt: Error: socket hang up
658 info retry will retry, error on last attempt: Error: socket hang up
659 info retry will retry, error on last attempt: Error: socket hang up
660 info retry will retry, error on last attempt: Error: socket hang up
661 info retry will retry, error on last attempt: Error: socket hang up
662 info retry will retry, error on last attempt: Error: socket hang up
663 info retry will retry, error on last attempt: Error: socket hang up
664 info retry will retry, error on last attempt: Error: socket hang up
665 info retry will retry, error on last attempt: Error: socket hang up
666 info attempt registry request try #3 at 15:06:06
667 verbose etag "2ION4BZ47YCL82YRI0EO04N8I"
668 http request GET https://registry.npmjs.org/gulp
669 info attempt registry request try #3 at 15:06:06
670 verbose etag "E7S31MS9JJ061VY14JM1A6SK4"
671 http request GET https://registry.npmjs.org/through2
672 info attempt registry request try #3 at 15:06:06
673 http request GET https://registry.npmjs.org/gulp-if
674 info attempt registry request try #3 at 15:06:06
675 http request GET https://registry.npmjs.org/gulp-sass
676 info attempt registry request try #3 at 15:06:06
677 http request GET https://registry.npmjs.org/gulp-less
678 info attempt registry request try #3 at 15:06:06
679 http request GET https://registry.npmjs.org/gulp-inject
680 info attempt registry request try #3 at 15:06:06
681 http request GET https://registry.npmjs.org/gulp-jsvalidate
682 info attempt registry request try #3 at 15:06:06
683 verbose etag "EYMIVJSDTV7CVGGWJTMBLPA8J"
684 http request GET https://registry.npmjs.org/gulp-uglify
685 info attempt registry request try #3 at 15:06:06
686 http request GET https://registry.npmjs.org/gulp-jshint
687 info attempt registry request try #3 at 15:06:06
688 http request GET https://registry.npmjs.org/gulp-load-plugins
689 info attempt registry request try #3 at 15:06:06
690 http request GET https://registry.npmjs.org/gulp-sync
691 info attempt registry request try #3 at 15:06:06
692 http request GET https://registry.npmjs.org/gulp-angular-htmlify
693 info attempt registry request try #3 at 15:06:06
694 http request GET https://registry.npmjs.org/gulp-jade
695 info attempt registry request try #3 at 15:06:06
696 verbose etag "D7MA2J59TKM2F9U05LCFEY6ZJ"
697 http request GET https://registry.npmjs.org/gulp-rename
698 info attempt registry request try #3 at 15:06:06
699 http request GET https://registry.npmjs.org/marked
700 info attempt registry request try #3 at 15:06:06
701 http request GET https://registry.npmjs.org/gulp-minify-css
702 info attempt registry request try #3 at 15:06:06
703 http request GET https://registry.npmjs.org/gulp-html-prettify
704 info attempt registry request try #3 at 15:06:06
705 http request GET https://registry.npmjs.org/gulp-expect-file
706 info attempt registry request try #3 at 15:06:06
707 verbose etag "1Z7HDVZ87BSL9GI8YBFZDQ3KH"
708 http request GET https://registry.npmjs.org/gulp-concat
709 info attempt registry request try #3 at 15:06:06
710 verbose etag "10YNPI4EJ2TOBMSU7GEA44455"
711 http request GET https://registry.npmjs.org/gulp-sourcemaps
712 info attempt registry request try #3 at 15:06:06
713 verbose etag "82I8YQLLFR1XFW7EFGYKKORNU"
714 http request GET https://registry.npmjs.org/gulp-util
715 info attempt registry request try #3 at 15:06:06
716 http request GET https://registry.npmjs.org/gulp-livereload
717 info attempt registry request try #3 at 15:06:06
718 http request GET https://registry.npmjs.org/jshint-stylish
719 info attempt registry request try #3 at 15:06:06
720 http request GET https://registry.npmjs.org/gulp-compass
721 info attempt registry request try #3 at 15:06:06
722 http request GET https://registry.npmjs.org/del
723 info attempt registry request try #3 at 15:06:06
724 verbose etag "FE4IGC8WMW7YDVDZ0BHVWIRZ"
725 http request GET https://registry.npmjs.org/yargs
726 info attempt registry request try #3 at 15:06:06
727 http request GET https://registry.npmjs.org/gulp-css-flip
728 info attempt registry request try #3 at 15:06:06
729 http request GET https://registry.npmjs.org/gulp-angular-templatecache
730 info attempt registry request try #3 at 15:06:06
731 http request GET https://registry.npmjs.org/gulp-filter
732 info attempt registry request try #3 at 15:06:06
733 http request GET https://registry.npmjs.org/gulp-ng-annotate
734 info attempt registry request try #3 at 15:06:06
735 http request GET https://registry.npmjs.org/gulp-changed
736 info attempt registry request try #3 at 15:06:06
737 http request GET https://registry.npmjs.org/gulp-ignore
738 silly get cb [ 304, undefined ]
739 verbose etag https://registry.npmjs.org/gulp-uglify from cache
740 verbose get saving gulp-uglify to /Users/xieyang/.npm/registry.npmjs.org/gulp-uglify/.cache.json
741 silly addNameRange number 2 { name: 'gulp-uglify', range: '>=1.1.0 <2.0.0', hasData: true }
742 silly addNameRange versions [ 'gulp-uglify',
742 silly addNameRange   [ '0.0.1',
742 silly addNameRange     '0.0.3',
742 silly addNameRange     '0.0.4',
742 silly addNameRange     '0.1.0',
742 silly addNameRange     '0.2.0',
742 silly addNameRange     '0.2.1',
742 silly addNameRange     '0.3.0',
742 silly addNameRange     '0.3.1',
742 silly addNameRange     '0.3.2',
742 silly addNameRange     '1.0.0-0',
742 silly addNameRange     '1.0.0',
742 silly addNameRange     '1.0.1',
742 silly addNameRange     '1.0.2',
742 silly addNameRange     '1.1.0',
742 silly addNameRange     '1.2.0',
742 silly addNameRange     '1.3.0',
742 silly addNameRange     '1.4.0',
742 silly addNameRange     '1.4.1',
742 silly addNameRange     '1.4.2',
742 silly addNameRange     '1.5.1' ] ]
743 silly addNamed gulp-uglify@1.5.1
744 verbose addNamed "1.5.1" is a plain semver version for gulp-uglify
745 silly cache afterAdd gulp-uglify@1.5.1
746 verbose afterAdd /Users/xieyang/.npm/gulp-uglify/1.5.1/package/package.json not in flight; writing
747 verbose afterAdd /Users/xieyang/.npm/gulp-uglify/1.5.1/package/package.json written
748 silly get cb [ 304, undefined ]
749 verbose etag https://registry.npmjs.org/through2 from cache
750 verbose get saving through2 to /Users/xieyang/.npm/registry.npmjs.org/through2/.cache.json
751 silly addNameRange number 2 { name: 'through2', range: '>=0.6.3 <0.7.0', hasData: true }
752 silly addNameRange versions [ 'through2',
752 silly addNameRange   [ '0.0.0',
752 silly addNameRange     '0.0.1',
752 silly addNameRange     '0.0.2',
752 silly addNameRange     '0.0.3',
752 silly addNameRange     '0.0.4',
752 silly addNameRange     '0.0.5',
752 silly addNameRange     '0.1.0',
752 silly addNameRange     '0.2.0',
752 silly addNameRange     '0.2.1',
752 silly addNameRange     '0.2.2',
752 silly addNameRange     '0.2.3',
752 silly addNameRange     '0.3.0',
752 silly addNameRange     '0.4.0',
752 silly addNameRange     '0.4.1',
752 silly addNameRange     '1.0.0',
752 silly addNameRange     '0.4.2',
752 silly addNameRange     '0.5.0',
752 silly addNameRange     '0.5.1',
752 silly addNameRange     '0.6.0',
752 silly addNameRange     '1.1.0',
752 silly addNameRange     '0.6.1',
752 silly addNameRange     '1.1.1',
752 silly addNameRange     '0.6.2',
752 silly addNameRange     '0.6.3',
752 silly addNameRange     '0.6.4',
752 silly addNameRange     '0.6.5',
752 silly addNameRange     '2.0.0' ] ]
753 silly addNamed through2@0.6.5
754 verbose addNamed "0.6.5" is a plain semver version for through2
755 silly get cb [ 304, undefined ]
756 verbose etag https://registry.npmjs.org/yargs from cache
757 verbose get saving yargs to /Users/xieyang/.npm/registry.npmjs.org/yargs/.cache.json
758 silly cache afterAdd through2@0.6.5
759 verbose afterAdd /Users/xieyang/.npm/through2/0.6.5/package/package.json not in flight; writing
760 verbose afterAdd /Users/xieyang/.npm/through2/0.6.5/package/package.json written
761 silly addNameRange number 2 { name: 'yargs', range: '>=3.7.2 <4.0.0', hasData: true }
762 silly addNameRange versions [ 'yargs',
762 silly addNameRange   [ '1.0.0',
762 silly addNameRange     '1.0.1',
762 silly addNameRange     '1.0.3',
762 silly addNameRange     '1.0.4',
762 silly addNameRange     '1.0.5',
762 silly addNameRange     '1.0.6',
762 silly addNameRange     '1.0.7',
762 silly addNameRange     '1.0.8',
762 silly addNameRange     '1.0.9',
762 silly addNameRange     '1.0.10',
762 silly addNameRange     '1.0.11',
762 silly addNameRange     '1.0.12',
762 silly addNameRange     '1.0.13',
762 silly addNameRange     '1.0.15',
762 silly addNameRange     '1.1.0',
762 silly addNameRange     '1.1.1',
762 silly addNameRange     '1.1.2',
762 silly addNameRange     '1.1.3',
762 silly addNameRange     '1.2.0',
762 silly addNameRange     '1.2.1',
762 silly addNameRange     '1.2.2',
762 silly addNameRange     '1.2.3',
762 silly addNameRange     '1.2.4',
762 silly addNameRange     '1.2.5',
762 silly addNameRange     '1.2.6',
762 silly addNameRange     '1.3.0',
762 silly addNameRange     '1.3.1',
762 silly addNameRange     '1.3.2',
762 silly addNameRange     '1.3.3',
762 silly addNameRange     '2.1.1',
762 silly addNameRange     '2.3.0',
762 silly addNameRange     '3.0.0',
762 silly addNameRange     '3.0.1',
762 silly addNameRange     '3.0.2',
762 silly addNameRange     '3.0.3',
762 silly addNameRange     '3.0.4',
762 silly addNameRange     '3.1.0',
762 silly addNameRange     '3.2.1',
762 silly addNameRange     '3.3.1',
762 silly addNameRange     '3.4.0',
762 silly addNameRange     '3.4.4',
762 silly addNameRange     '3.4.5',
762 silly addNameRange     '3.5.0',
762 silly addNameRange     '3.5.1',
762 silly addNameRange     '3.5.2',
762 silly addNameRange     '3.5.3',
762 silly addNameRange     '3.5.4',
762 silly addNameRange     '3.6.0',
762 silly addNameRange     '3.7.0',
762 silly addNameRange     '3.7.1',
762 silly addNameRange     '3.7.2',
762 silly addNameRange     '3.8.0',
762 silly addNameRange     '3.9.0',
762 silly addNameRange     '3.9.1',
762 silly addNameRange     '3.10.0',
762 silly addNameRange     '3.11.0',
762 silly addNameRange     '3.12.0',
762 silly addNameRange     '3.13.0',
762 silly addNameRange     '3.14.0',
762 silly addNameRange     '3.15.0',
762 silly addNameRange     '3.16.0',
762 silly addNameRange     '3.16.1',
762 silly addNameRange     '3.17.1',
762 silly addNameRange     '3.18.0',
762 silly addNameRange     '3.18.1',
762 silly addNameRange     '3.19.0',
762 silly addNameRange     '3.20.0',
762 silly addNameRange     '3.21.0',
762 silly addNameRange     '3.21.1',
762 silly addNameRange     '3.22.0',
762 silly addNameRange     '3.22.1',
762 silly addNameRange     '3.22.2',
762 silly addNameRange     '3.23.0',
762 silly addNameRange     '3.24.0',
762 silly addNameRange     '3.25.0',
762 silly addNameRange     '3.26.0',
762 silly addNameRange     '3.27.0',
762 silly addNameRange     '3.28.0',
762 silly addNameRange     '3.29.0',
762 silly addNameRange     '3.30.0',
762 silly addNameRange     '3.31.0',
762 silly addNameRange     '3.32.0' ] ]
763 silly addNamed yargs@3.32.0
764 verbose addNamed "3.32.0" is a plain semver version for yargs
765 silly mapToRegistry name yargs
766 silly mapToRegistry using default registry
767 silly mapToRegistry registry https://registry.npmjs.org/
768 silly mapToRegistry uri https://registry.npmjs.org/yargs
769 verbose addRemoteTarball https://registry.npmjs.org/yargs/-/yargs-3.32.0.tgz not in flight; adding
770 verbose addRemoteTarball [ 'https://registry.npmjs.org/yargs/-/yargs-3.32.0.tgz',
770 verbose addRemoteTarball   '03088e9ebf9e756b69751611d2a5ef591482c995' ]
771 info retry fetch attempt 1 at 15:07:09
772 info attempt registry request try #1 at 15:07:09
773 http fetch GET https://registry.npmjs.org/yargs/-/yargs-3.32.0.tgz
774 silly get cb [ 304, undefined ]
775 verbose etag https://registry.npmjs.org/gulp-rename from cache
776 verbose get saving gulp-rename to /Users/xieyang/.npm/registry.npmjs.org/gulp-rename/.cache.json
777 silly addNameRange number 2 { name: 'gulp-rename', range: '>=1.2.0 <2.0.0', hasData: true }
778 silly addNameRange versions [ 'gulp-rename',
778 silly addNameRange   [ '0.1.0', '0.2.1', '0.2.2', '1.0.0', '1.1.0', '1.2.0', '1.2.2' ] ]
779 silly addNamed gulp-rename@1.2.2
780 verbose addNamed "1.2.2" is a plain semver version for gulp-rename
781 silly cache afterAdd gulp-rename@1.2.2
782 verbose afterAdd /Users/xieyang/.npm/gulp-rename/1.2.2/package/package.json not in flight; writing
783 silly get cb [ 304, undefined ]
784 verbose etag https://registry.npmjs.org/gulp-util from cache
785 verbose get saving gulp-util to /Users/xieyang/.npm/registry.npmjs.org/gulp-util/.cache.json
786 verbose afterAdd /Users/xieyang/.npm/gulp-rename/1.2.2/package/package.json written
787 silly get cb [ 304, undefined ]
788 verbose etag https://registry.npmjs.org/gulp-sourcemaps from cache
789 verbose get saving gulp-sourcemaps to /Users/xieyang/.npm/registry.npmjs.org/gulp-sourcemaps/.cache.json
790 silly get cb [ 304, undefined ]
791 verbose etag https://registry.npmjs.org/gulp from cache
792 verbose get saving gulp to /Users/xieyang/.npm/registry.npmjs.org/gulp/.cache.json
793 silly get cb [ 304, undefined ]
794 verbose etag https://registry.npmjs.org/gulp-concat from cache
795 verbose get saving gulp-concat to /Users/xieyang/.npm/registry.npmjs.org/gulp-concat/.cache.json
796 silly addNameRange number 2 { name: 'gulp-util', range: '>=3.0.1 <4.0.0', hasData: true }
797 silly addNameRange versions [ 'gulp-util',
797 silly addNameRange   [ '0.0.1',
797 silly addNameRange     '1.0.0',
797 silly addNameRange     '1.1.0',
797 silly addNameRange     '1.1.1',
797 silly addNameRange     '1.2.0',
797 silly addNameRange     '1.3.0',
797 silly addNameRange     '2.0.0',
797 silly addNameRange     '2.1.1',
797 silly addNameRange     '2.1.2',
797 silly addNameRange     '2.1.3',
797 silly addNameRange     '2.1.4',
797 silly addNameRange     '2.2.0',
797 silly addNameRange     '2.2.1',
797 silly addNameRange     '2.2.2',
797 silly addNameRange     '2.2.3',
797 silly addNameRange     '2.2.5',
797 silly addNameRange     '2.2.6',
797 silly addNameRange     '2.2.7',
797 silly addNameRange     '2.2.8',
797 silly addNameRange     '2.2.9',
797 silly addNameRange     '2.2.10',
797 silly addNameRange     '2.2.11',
797 silly addNameRange     '2.2.12',
797 silly addNameRange     '2.2.13',
797 silly addNameRange     '2.2.14',
797 silly addNameRange     '2.2.15',
797 silly addNameRange     '2.2.16',
797 silly addNameRange     '2.2.17',
797 silly addNameRange     '2.2.18',
797 silly addNameRange     '2.2.19',
797 silly addNameRange     '2.2.20',
797 silly addNameRange     '3.0.0',
797 silly addNameRange     '3.0.1',
797 silly addNameRange     '3.0.2',
797 silly addNameRange     '3.0.3',
797 silly addNameRange     '3.0.4',
797 silly addNameRange     '3.0.5',
797 silly addNameRange     '3.0.6',
797 silly addNameRange     '3.0.7' ] ]
798 silly addNamed gulp-util@3.0.7
799 verbose addNamed "3.0.7" is a plain semver version for gulp-util
800 silly addNameRange number 2 { name: 'gulp-sourcemaps',
800 silly addNameRange   range: '>=1.3.0 <2.0.0',
800 silly addNameRange   hasData: true }
801 silly addNameRange versions [ 'gulp-sourcemaps',
801 silly addNameRange   [ '0.2.0',
801 silly addNameRange     '0.2.1',
801 silly addNameRange     '0.3.0',
801 silly addNameRange     '0.3.1',
801 silly addNameRange     '0.4.0',
801 silly addNameRange     '0.4.1',
801 silly addNameRange     '0.4.2',
801 silly addNameRange     '0.4.3',
801 silly addNameRange     '0.4.4',
801 silly addNameRange     '0.4.5',
801 silly addNameRange     '0.4.6',
801 silly addNameRange     '1.0.0',
801 silly addNameRange     '1.1.0',
801 silly addNameRange     '1.1.1',
801 silly addNameRange     '1.1.2',
801 silly addNameRange     '1.1.3',
801 silly addNameRange     '1.1.4',
801 silly addNameRange     '1.1.5',
801 silly addNameRange     '1.2.0',
801 silly addNameRange     '1.2.1',
801 silly addNameRange     '1.2.2',
801 silly addNameRange     '1.2.3',
801 silly addNameRange     '1.2.4',
801 silly addNameRange     '1.2.5',
801 silly addNameRange     '1.2.6',
801 silly addNameRange     '1.2.7',
801 silly addNameRange     '1.2.8',
801 silly addNameRange     '1.3.0',
801 silly addNameRange     '1.4.0',
801 silly addNameRange     '1.5.0',
801 silly addNameRange     '1.5.1',
801 silly addNameRange     '1.5.2',
801 silly addNameRange     '1.6.0' ] ]
802 silly addNamed gulp-sourcemaps@1.6.0
803 verbose addNamed "1.6.0" is a plain semver version for gulp-sourcemaps
804 silly addNameRange number 2 { name: 'gulp', range: '>=3.8.10 <4.0.0', hasData: true }
805 silly addNameRange versions [ 'gulp',
805 silly addNameRange   [ '0.0.1',
805 silly addNameRange     '0.0.2',
805 silly addNameRange     '0.0.3',
805 silly addNameRange     '0.0.4',
805 silly addNameRange     '0.0.5',
805 silly addNameRange     '0.0.7',
805 silly addNameRange     '0.0.8',
805 silly addNameRange     '0.0.9',
805 silly addNameRange     '0.1.0',
805 silly addNameRange     '0.2.0',
805 silly addNameRange     '1.0.0',
805 silly addNameRange     '1.1.0',
805 silly addNameRange     '1.2.0',
805 silly addNameRange     '1.2.1',
805 silly addNameRange     '2.0.0',
805 silly addNameRange     '2.0.1',
805 silly addNameRange     '2.1.0',
805 silly addNameRange     '2.2.0',
805 silly addNameRange     '2.3.0',
805 silly addNameRange     '2.4.0',
805 silly addNameRange     '2.4.1',
805 silly addNameRange     '2.6.0',
805 silly addNameRange     '2.6.1',
805 silly addNameRange     '2.7.0',
805 silly addNameRange     '3.0.0',
805 silly addNameRange     '3.1.1',
805 silly addNameRange     '3.1.2',
805 silly addNameRange     '3.1.3',
805 silly addNameRange     '3.1.4',
805 silly addNameRange     '3.2.0',
805 silly addNameRange     '3.2.1',
805 silly addNameRange     '3.2.2',
805 silly addNameRange     '3.2.3',
805 silly addNameRange     '3.2.4',
805 silly addNameRange     '3.2.5',
805 silly addNameRange     '3.3.0',
805 silly addNameRange     '3.3.1',
805 silly addNameRange     '3.3.2',
805 silly addNameRange     '3.3.4',
805 silly addNameRange     '3.4.0',
805 silly addNameRange     '3.5.0',
805 silly addNameRange     '3.5.1',
805 silly addNameRange     '3.5.2',
805 silly addNameRange     '3.5.5',
805 silly addNameRange     '3.5.6',
805 silly addNameRange     '3.6.0',
805 silly addNameRange     '3.6.1',
805 silly addNameRange     '3.6.2',
805 silly addNameRange     '3.7.0',
805 silly addNameRange     '3.8.0',
805 silly addNameRange     '3.8.1',
805 silly addNameRange     '3.8.2',
805 silly addNameRange     '3.8.3',
805 silly addNameRange     '3.8.4',
805 silly addNameRange     '3.8.5',
805 silly addNameRange     '3.8.6',
805 silly addNameRange     '3.8.7',
805 silly addNameRange     '3.8.8',
805 silly addNameRange     '3.8.9',
805 silly addNameRange     '3.8.10',
805 silly addNameRange     '3.8.11',
805 silly addNameRange     '3.9.0' ] ]
806 silly addNamed gulp@3.9.0
807 verbose addNamed "3.9.0" is a plain semver version for gulp
808 silly addNameRange number 2 { name: 'gulp-concat', range: '>=2.4.1 <3.0.0', hasData: true }
809 silly addNameRange versions [ 'gulp-concat',
809 silly addNameRange   [ '0.0.1',
809 silly addNameRange     '1.0.0',
809 silly addNameRange     '1.1.0',
809 silly addNameRange     '2.0.0',
809 silly addNameRange     '2.1.0',
809 silly addNameRange     '2.1.1',
809 silly addNameRange     '2.1.2',
809 silly addNameRange     '2.1.3',
809 silly addNameRange     '2.1.4',
809 silly addNameRange     '2.1.5',
809 silly addNameRange     '2.1.6',
809 silly addNameRange     '2.1.7',
809 silly addNameRange     '2.2.0',
809 silly addNameRange     '2.3.0',
809 silly addNameRange     '2.3.3',
809 silly addNameRange     '2.3.4',
809 silly addNameRange     '2.3.5',
809 silly addNameRange     '2.4.0',
809 silly addNameRange     '2.4.1',
809 silly addNameRange     '2.4.2',
809 silly addNameRange     '2.4.3',
809 silly addNameRange     '2.5.0',
809 silly addNameRange     '2.5.1',
809 silly addNameRange     '2.5.2',
809 silly addNameRange     '2.6.0' ] ]
810 silly addNamed gulp-concat@2.6.0
811 verbose addNamed "2.6.0" is a plain semver version for gulp-concat
812 silly cache afterAdd gulp-util@3.0.7
813 verbose afterAdd /Users/xieyang/.npm/gulp-util/3.0.7/package/package.json not in flight; writing
814 verbose afterAdd /Users/xieyang/.npm/gulp-util/3.0.7/package/package.json written
815 silly cache afterAdd gulp-sourcemaps@1.6.0
816 verbose afterAdd /Users/xieyang/.npm/gulp-sourcemaps/1.6.0/package/package.json not in flight; writing
817 silly cache afterAdd gulp-concat@2.6.0
818 verbose afterAdd /Users/xieyang/.npm/gulp-concat/2.6.0/package/package.json not in flight; writing
819 silly cache afterAdd gulp@3.9.0
820 verbose afterAdd /Users/xieyang/.npm/gulp/3.9.0/package/package.json not in flight; writing
821 verbose afterAdd /Users/xieyang/.npm/gulp-concat/2.6.0/package/package.json written
822 verbose afterAdd /Users/xieyang/.npm/gulp/3.9.0/package/package.json written
823 verbose afterAdd /Users/xieyang/.npm/gulp-sourcemaps/1.6.0/package/package.json written
824 info retry will retry, error on last attempt: Error: socket hang up
825 info attempt registry request try #2 at 15:08:22
826 http fetch GET https://registry.npmjs.org/yargs/-/yargs-3.32.0.tgz
827 info retry will retry, error on last attempt: Error: socket hang up
828 info attempt registry request try #3 at 15:10:25
829 http fetch GET https://registry.npmjs.org/yargs/-/yargs-3.32.0.tgz
830 error fetch failed https://registry.npmjs.org/yargs/-/yargs-3.32.0.tgz
831 warn retry will retry, error on last attempt: Error: socket hang up
832 info retry fetch attempt 2 at 15:11:38
833 info attempt registry request try #1 at 15:11:38
834 http fetch GET https://registry.npmjs.org/yargs/-/yargs-3.32.0.tgz
835 info retry will retry, error on last attempt: Error: socket hang up
836 info attempt registry request try #2 at 15:12:51
837 http fetch GET https://registry.npmjs.org/yargs/-/yargs-3.32.0.tgz
838 info retry will retry, error on last attempt: Error: socket hang up
839 info attempt registry request try #3 at 15:14:54
840 http fetch GET https://registry.npmjs.org/yargs/-/yargs-3.32.0.tgz
841 error fetch failed https://registry.npmjs.org/yargs/-/yargs-3.32.0.tgz
842 warn retry will retry, error on last attempt: Error: socket hang up
843 info retry fetch attempt 3 at 15:16:57
844 info attempt registry request try #1 at 15:16:57
845 http fetch GET https://registry.npmjs.org/yargs/-/yargs-3.32.0.tgz
846 info retry will retry, error on last attempt: Error: socket hang up
847 info attempt registry request try #2 at 15:18:10
848 http fetch GET https://registry.npmjs.org/yargs/-/yargs-3.32.0.tgz
849 info retry will retry, error on last attempt: Error: socket hang up
850 info attempt registry request try #3 at 15:20:13
851 http fetch GET https://registry.npmjs.org/yargs/-/yargs-3.32.0.tgz
852 error fetch failed https://registry.npmjs.org/yargs/-/yargs-3.32.0.tgz
853 verbose stack Error: socket hang up
853 verbose stack     at TLSSocket.onHangUp (_tls_wrap.js:1035:19)
853 verbose stack     at TLSSocket.g (events.js:260:16)
853 verbose stack     at emitNone (events.js:72:20)
853 verbose stack     at TLSSocket.emit (events.js:166:7)
853 verbose stack     at endReadableNT (_stream_readable.js:905:12)
853 verbose stack     at doNTCallback2 (node.js:441:9)
853 verbose stack     at process._tickCallback (node.js:355:17)
854 verbose cwd /private/var/www/poimoe/admin/master
855 error Darwin 15.0.0
856 error argv "/usr/local/bin/node" "/usr/local/bin/npm" "install"
857 error node v4.2.2
858 error npm  v2.14.7
859 error code ECONNRESET
860 error network socket hang up
860 error network This is most likely not a problem with npm itself
860 error network and is related to network connectivity.
860 error network In most cases you are behind a proxy or have bad network settings.
860 error network
860 error network If you are behind a proxy, please make sure that the
860 error network 'proxy' config is set properly.  See: 'npm help config'
861 verbose exit [ 1, true ]
